2025-03-01T10:01:03.949+05:30  WARN 25444 --- [HikariPool-1 housekeeper] com.zaxxer.hikari.pool.HikariPool        : HikariPool-1 - Thread starvation or clock leap detected (housekeeper delta=13h38m42s369ms445µs700ns).
2025-03-01T10:37:55.248+05:30  WARN 25444 --- [HikariPool-1 housekeeper] com.zaxxer.hikari.pool.HikariPool        : HikariPool-1 - Thread starvation or clock leap detected (housekeeper delta=49s624ms711µs400ns).
2025-03-01T12:21:38.428+05:30  WARN 25444 --- [HikariPool-1 housekeeper] com.zaxxer.hikari.pool.HikariPool        : HikariPool-1 - Thread starvation or clock leap detected (housekeeper delta=1h27m42s912ms902µs200ns).
2025-03-01T12:40:40.406+05:30  WARN 25444 --- [HikariPool-1 housekeeper] com.zaxxer.hikari.pool.HikariPool        : HikariPool-1 - Thread starvation or clock leap detected (housekeeper delta=2m1s669ms455µs800ns).
2025-03-01T12:46:49.057+05:30  WARN 25444 --- [HikariPool-1 housekeeper] com.zaxxer.hikari.pool.HikariPool        : HikariPool-1 - Thread starvation or clock leap detected (housekeeper delta=2m8s584ms271µs200ns).
2025-03-01T13:17:05.620+05:30  INFO 15204 --- [main] c.a.E.EmployeePayRollApplication         : Starting EmployeePayRollApplication using Java 22.0.2 with PID 15204 (E:\CapgeminiTraining\Program_Prerequisite\SpringBoot\EmployeePayRoll\target\classes started by Viraj Kushwaha in E:\CapgeminiTraining\Program_Prerequisite\SpringBoot\EmployeePayRoll)
2025-03-01T13:17:05.622+05:30  INFO 15204 --- [main] c.a.E.EmployeePayRollApplication         : The following 1 profile is active: "dev  #Activate 'dev' profile"
2025-03-01T13:17:06.496+05:30  INFO 15204 --- [main] .s.d.r.c.RepositoryConfigurationDelegate : Bootstrapping Spring Data JPA repositories in DEFAULT mode.
2025-03-01T13:17:06.588+05:30  INFO 15204 --- [main] .s.d.r.c.RepositoryConfigurationDelegate : Finished Spring Data repository scanning in 82 ms. Found 1 JPA repository interface.
2025-03-01T13:17:07.253+05:30  INFO 15204 --- [main] o.s.b.w.embedded.tomcat.TomcatWebServer  : Tomcat initialized with port 8080 (http)
2025-03-01T13:17:07.270+05:30  INFO 15204 --- [main] o.apache.catalina.core.StandardService   : Starting service [Tomcat]
2025-03-01T13:17:07.270+05:30  INFO 15204 --- [main] o.apache.catalina.core.StandardEngine    : Starting Servlet engine: [Apache Tomcat/10.1.36]
2025-03-01T13:17:07.347+05:30  INFO 15204 --- [main] o.a.c.c.C.[Tomcat].[localhost].[/]       : Initializing Spring embedded WebApplicationContext
2025-03-01T13:17:07.348+05:30  INFO 15204 --- [main] w.s.c.ServletWebServerApplicationContext : Root WebApplicationContext: initialization completed in 1669 ms
2025-03-01T13:17:07.576+05:30  INFO 15204 --- [main] o.hibernate.jpa.internal.util.LogHelper  : HHH000204: Processing PersistenceUnitInfo [name: default]
2025-03-01T13:17:07.669+05:30  INFO 15204 --- [main] org.hibernate.Version                    : HHH000412: Hibernate ORM core version 6.6.8.Final
2025-03-01T13:17:07.712+05:30  INFO 15204 --- [main] o.h.c.internal.RegionFactoryInitiator    : HHH000026: Second-level cache disabled
2025-03-01T13:17:08.085+05:30  INFO 15204 --- [main] o.s.o.j.p.SpringPersistenceUnitInfo      : No LoadTimeWeaver setup: ignoring JPA class transformer
2025-03-01T13:17:08.133+05:30  INFO 15204 --- [main] com.zaxxer.hikari.HikariDataSource       : HikariPool-1 - Starting...
2025-03-01T13:17:08.662+05:30  INFO 15204 --- [main] com.zaxxer.hikari.pool.HikariPool        : HikariPool-1 - Added connection com.mysql.cj.jdbc.ConnectionImpl@5fdb7394
2025-03-01T13:17:08.664+05:30  INFO 15204 --- [main] com.zaxxer.hikari.HikariDataSource       : HikariPool-1 - Start completed.
2025-03-01T13:17:08.728+05:30  WARN 15204 --- [main] org.hibernate.orm.deprecation            : HHH90000025: MySQL8Dialect does not need to be specified explicitly using 'hibernate.dialect' (remove the property setting and it will be selected by default)
2025-03-01T13:17:08.728+05:30  WARN 15204 --- [main] org.hibernate.orm.deprecation            : HHH90000026: MySQL8Dialect has been deprecated; use org.hibernate.dialect.MySQLDialect instead
2025-03-01T13:17:08.748+05:30  INFO 15204 --- [main] org.hibernate.orm.connections.pooling    : HHH10001005: Database info:
	Database JDBC URL [Connecting through datasource 'HikariDataSource (HikariPool-1)']
	Database driver: undefined/unknown
	Database version: 8.0
	Autocommit mode: undefined/unknown
	Isolation level: undefined/unknown
	Minimum pool size: undefined/unknown
	Maximum pool size: undefined/unknown
2025-03-01T13:17:09.720+05:30  INFO 15204 --- [main] o.h.e.t.j.p.i.JtaPlatformInitiator       : HHH000489: No JTA platform available (set 'hibernate.transaction.jta.platform' to enable JTA platform integration)
2025-03-01T13:17:09.771+05:30  INFO 15204 --- [main] j.LocalContainerEntityManagerFactoryBean : Initialized JPA EntityManagerFactory for persistence unit 'default'
2025-03-01T13:17:10.138+05:30  WARN 15204 --- [main] JpaBaseConfiguration$JpaWebConfiguration : spring.jpa.open-in-view is enabled by default. Therefore, database queries may be performed during view rendering. Explicitly configure spring.jpa.open-in-view to disable this warning
2025-03-01T13:17:10.611+05:30  INFO 15204 --- [main] o.s.b.w.embedded.tomcat.TomcatWebServer  : Tomcat started on port 8080 (http) with context path '/'
2025-03-01T13:17:10.620+05:30  INFO 15204 --- [main] c.a.E.EmployeePayRollApplication         : Started EmployeePayRollApplication in 5.687 seconds (process running for 6.298)
2025-03-01T13:18:56.789+05:30  INFO 15204 --- [http-nio-8080-exec-1] o.a.c.c.C.[Tomcat].[localhost].[/]       : Initializing Spring DispatcherServlet 'dispatcherServlet'
2025-03-01T13:18:56.790+05:30  INFO 15204 --- [http-nio-8080-exec-1] o.s.web.servlet.DispatcherServlet        : Initializing Servlet 'dispatcherServlet'
2025-03-01T13:18:56.795+05:30  INFO 15204 --- [http-nio-8080-exec-1] o.s.web.servlet.DispatcherServlet        : Completed initialization in 4 ms
2025-03-01T13:18:57.054+05:30  INFO 15204 --- [http-nio-8080-exec-1] c.a.E.c.EmployeePayrollController        : Received Request Body: EmployeeDTO(name=Viraj Kushwaha, department=IT, salary=60000.0)
2025-03-01T13:18:57.056+05:30  INFO 15204 --- [http-nio-8080-exec-1] c.a.E.services.EmployeePayrollServices   : Received Employee Data Before Saving: EmployeeDTO(name=Viraj Kushwaha, department=IT, salary=60000.0)
2025-03-01T13:18:57.056+05:30  INFO 15204 --- [http-nio-8080-exec-1] c.a.E.services.EmployeePayrollServices   : Saved Employee Data: Employee(id=null, name=Viraj Kushwaha, salary=60000.0, department=IT)
2025-03-01T13:27:36.185+05:30  INFO 15204 --- [SpringApplicationShutdownHook] o.s.b.w.e.tomcat.GracefulShutdown        : Commencing graceful shutdown. Waiting for active requests to complete
2025-03-01T13:27:36.197+05:30  INFO 15204 --- [tomcat-shutdown] o.s.b.w.e.tomcat.GracefulShutdown        : Graceful shutdown complete
2025-03-01T13:27:36.200+05:30  INFO 15204 --- [SpringApplicationShutdownHook] j.LocalContainerEntityManagerFactoryBean : Closing JPA EntityManagerFactory for persistence unit 'default'
2025-03-01T13:27:36.203+05:30  INFO 15204 --- [SpringApplicationShutdownHook] com.zaxxer.hikari.HikariDataSource       : HikariPool-1 - Shutdown initiated...
2025-03-01T13:27:36.214+05:30  INFO 15204 --- [SpringApplicationShutdownHook] com.zaxxer.hikari.HikariDataSource       : HikariPool-1 - Shutdown completed.
